1731661946030:help
1731661958580:get-config
1731661969827:tail -f
1731662318241:helo
1731662321776:help
1731662333177:quit
1731665071483:help
1731665489595:tail-log
1731686557357:help
1731686564924:tail-log
1731687412794:help
1731687419504:tail-log
1731688650875:help
1731688659600:get-config
1731690127981:help
1731690134937:show config
1731690143889:show-config
1731690226615:help
1731690232292:show-config
1731690669451:get-config
1731690673648:help
1731690680972:show-config
1731691106422:stacktrace
1731691338718:show-config
1731734501211:help
1731734505856:single
1731734780337:help
1731734791880:set-user-config
1731735168991:help
1731735178044:set-user-config
1731763438214:help
1731763458402:set-user-config
1731763481949:stacktrace
1731763857499:help
1731763867311:set-user-config
1731763906212:show-config
1731781703367:help
1731781712645:tail-log
1731781778415:get-config
1731781782169:help
1731781788481:show-config
1731781842896:q
1731781873856:show-config
1731783759033:help
1731783763737:tail-log
1731783952611:help
1731783964364:real-time-logs
1731783995985:q
1731784138993:view-real-time-logs
1731784143989:help
1731784150165:real-time-logs
1731822027232:help
1731822037087:set-user-config
1731822058141:show-config
1731848836779:help
1731848848903:real-time-logs
1731849456543:help
1731849465672:real-time-logs
1731851625101:HELP
1731851629393:help
1731851637121:real-time-logs
