2024-12-11 00:50:29 [MessageBroker-4] INFO  o.s.w.s.c.WebSocketMessageBrokerStats - WebSocketSession[0 current WS(0)-HttpStream(0)-HttpPoll(0), 0 total, 0 closed abnormally (0 connect failure, 0 send limit, 0 transport error)], stompSubProtocol[processed CONNECT(0)-CONNECTED(0)-DISCONNECT(0)], stompBrokerRelay[null], inboundChannel[pool size = 0, active threads = 0, queued tasks = 0, completed tasks = 0], outboundChannel[pool size = 0, active threads = 0, queued tasks = 0, completed tasks = 0], sockJsScheduler[pool size = 4, active threads = 1, queued tasks = 1, completed tasks = 7264]
2024-12-11 01:03:59 [SpringApplicationShutdownHook] INFO  o.s.m.s.b.SimpleBrokerMessageHandler - Stopping...
2024-12-11 01:03:59 [SpringApplicationShutdownHook] INFO  o.s.m.s.b.SimpleBrokerMessageHandler - BrokerAvailabilityEvent[available=false, SimpleBrokerMessageHandler [org.springframework.messaging.simp.broker.DefaultSubscriptionRegistry@3c053ff2]]
2024-12-11 01:03:59 [SpringApplicationShutdownHook] INFO  o.s.m.s.b.SimpleBrokerMessageHandler - Stopped.
2024-12-11 01:03:59 [SpringApplicationShutdownHook] INFO  o.s.o.j.LocalContainerEntityManagerFactoryBean - Closing JPA EntityManagerFactory for persistence unit 'default'
2024-12-11 01:03:59 [SpringApplicationShutdownHook] INFO  com.zaxxer.hikari.HikariDataSource - HikariPool-1 - Shutdown initiated...
2024-12-11 01:03:59 [SpringApplicationShutdownHook] INFO  com.zaxxer.hikari.HikariDataSource - HikariPool-1 - Shutdown completed.
2024-12-11 01:04:11 [main] INFO  c.u.e.EventTicketServiceApplication - Starting EventTicketServiceApplication using Java 21.0.2 with PID 583325 (/home/matheesha/Documents/Ticket-Management-Server/target/classes started by matheesha in /home/matheesha/Documents/Ticket-Management-Server)
2024-12-11 01:04:11 [main] INFO  c.u.e.EventTicketServiceApplication - No active profile set, falling back to 1 default profile: "default"
2024-12-11 01:04:13 [main] INFO  o.s.d.r.c.RepositoryConfigurationDelegate - Bootstrapping Spring Data JPA repositories in DEFAULT mode.
2024-12-11 01:04:13 [main] INFO  o.s.d.r.c.RepositoryConfigurationDelegate - Finished Spring Data repository scanning in 74 ms. Found 4 JPA repository interfaces.
2024-12-11 01:04:14 [main] INFO  o.s.b.w.e.tomcat.TomcatWebServer - Tomcat initialized with port 8080 (http)
2024-12-11 01:04:14 [main] INFO  o.a.coyote.http11.Http11NioProtocol - Initializing ProtocolHandler ["http-nio-8080"]
2024-12-11 01:04:14 [main] INFO  o.a.catalina.core.StandardService - Starting service [Tomcat]
2024-12-11 01:04:14 [main] INFO  o.a.catalina.core.StandardEngine - Starting Servlet engine: [Apache Tomcat/10.1.31]
2024-12-11 01:04:14 [main] INFO  o.a.c.c.C.[Tomcat].[localhost].[/] - Initializing Spring embedded WebApplicationContext
2024-12-11 01:04:14 [main] INFO  o.s.b.w.s.c.ServletWebServerApplicationContext - Root WebApplicationContext: initialization completed in 2658 ms
2024-12-11 01:04:15 [main] INFO  o.h.jpa.internal.util.LogHelper - HHH000204: Processing PersistenceUnitInfo [name: default]
2024-12-11 01:04:15 [main] INFO  org.hibernate.Version - HHH000412: Hibernate ORM core version 6.5.3.Final
2024-12-11 01:04:15 [main] INFO  o.h.c.i.RegionFactoryInitiator - HHH000026: Second-level cache disabled
2024-12-11 01:04:15 [main] INFO  o.s.o.j.p.SpringPersistenceUnitInfo - No LoadTimeWeaver setup: ignoring JPA class transformer
2024-12-11 01:04:15 [main] INFO  com.zaxxer.hikari.HikariDataSource - HikariPool-1 - Starting...
2024-12-11 01:04:16 [main] INFO  com.zaxxer.hikari.pool.HikariPool - HikariPool-1 - Added connection com.mysql.cj.jdbc.ConnectionImpl@2a341e3d
2024-12-11 01:04:16 [main] INFO  com.zaxxer.hikari.HikariDataSource - HikariPool-1 - Start completed.
2024-12-11 01:04:16 [main] WARN  org.hibernate.orm.deprecation - HHH90000025: MySQLDialect does not need to be specified explicitly using 'hibernate.dialect' (remove the property setting and it will be selected by default)
2024-12-11 01:04:17 [main] INFO  o.h.e.t.j.p.i.JtaPlatformInitiator - HHH000489: No JTA platform available (set 'hibernate.transaction.jta.platform' to enable JTA platform integration)
2024-12-11 01:04:17 [main] INFO  o.s.o.j.LocalContainerEntityManagerFactoryBean - Initialized JPA EntityManagerFactory for persistence unit 'default'
2024-12-11 01:04:18 [main] INFO  c.u.e.core.config.ConfigManager - Loading user config from file...
2024-12-11 01:04:18 [main] INFO  c.u.e.util.io.ConfigIO - Config loaded successfully
2024-12-11 01:04:18 [main] INFO  o.s.d.j.r.query.QueryEnhancerFactory - Hibernate is in classpath; If applicable, HQL parser will be used.
2024-12-11 01:04:19 [main] WARN  o.s.b.a.o.j.JpaBaseConfiguration$JpaWebConfiguration - spring.jpa.open-in-view is enabled by default. Therefore, database queries may be performed during view rendering. Explicitly configure spring.jpa.open-in-view to disable this warning
2024-12-11 01:04:20 [main] INFO  o.s.b.a.e.web.EndpointLinksResolver - Exposing 1 endpoint beneath base path '/actuator'
2024-12-11 01:04:20 [main] INFO  o.a.coyote.http11.Http11NioProtocol - Starting ProtocolHandler ["http-nio-8080"]
2024-12-11 01:04:20 [main] INFO  o.s.b.w.e.tomcat.TomcatWebServer - Tomcat started on port 8080 (http) with context path '/'
2024-12-11 01:04:20 [main] INFO  o.s.m.s.b.SimpleBrokerMessageHandler - Starting...
2024-12-11 01:04:20 [main] INFO  o.s.m.s.b.SimpleBrokerMessageHandler - BrokerAvailabilityEvent[available=true, SimpleBrokerMessageHandler [org.springframework.messaging.simp.broker.DefaultSubscriptionRegistry@32be264e]]
2024-12-11 01:04:20 [main] INFO  o.s.m.s.b.SimpleBrokerMessageHandler - Started.
2024-12-11 01:04:20 [main] INFO  c.u.e.EventTicketServiceApplication - Started EventTicketServiceApplication in 9.858 seconds (process running for 11.177)
2024-12-11 01:04:21 [RMI TCP Connection(3)-192.168.8.168] INFO  o.a.c.c.C.[Tomcat].[localhost].[/] - Initializing Spring DispatcherServlet 'dispatcherServlet'
2024-12-11 01:04:21 [RMI TCP Connection(3)-192.168.8.168] INFO  o.s.web.servlet.DispatcherServlet - Initializing Servlet 'dispatcherServlet'
2024-12-11 01:04:21 [RMI TCP Connection(3)-192.168.8.168] INFO  o.s.web.servlet.DispatcherServlet - Completed initialization in 3 ms
2024-12-11 01:05:05 [ShellThread] INFO  c.u.e.core.config.ConfigManager - Saving user config to file...
2024-12-11 01:05:05 [ShellThread] INFO  c.u.e.util.io.ConfigIO - Config saved successfully
2024-12-11 01:05:05 [ShellThread] INFO  c.u.e.core.ticket.TicketPool - Ticket pool reset with new configuration.
2024-12-11 01:05:05 [ShellThread] INFO  c.u.e.s.s.p.ParticipantHandler - Starting 20 producer threads...
2024-12-11 01:05:05 [ShellThread] INFO  c.u.e.s.s.p.ParticipantHandler - Starting 15 consumer threads...
2024-12-11 01:05:05 [ShellThread] INFO  c.u.e.core.config.ConfigManager - User config successfully saved...
2024-12-11 01:05:06 [Producer-9] INFO  c.u.e.core.ticket.TicketPool - Ticket added to the pool. Current size: 1
2024-12-11 01:05:06 [Producer-9] INFO  c.u.e.s.s.p.producer.TicketProducer - Vendor Sporer, Rau and Lehner | produced ticket: Ticket{id=254, name='I Sing the Body Electric', price=727}
2024-12-11 01:05:11 [Consumer-1] INFO  c.u.e.core.ticket.TicketPool - Ticket retrieved from the pool. Current size: 0
2024-12-11 01:05:11 [Consumer-5] INFO  c.u.e.core.ticket.TicketPool - Ticket pool is empty. Waiting to retrieve ticket.
2024-12-11 01:05:11 [Consumer-1] INFO  c.u.e.s.s.p.consumer.TicketConsumer - Customer Dr. Ambrose Kihn | consumed ticket: I Sing the Body Electric
2024-12-11 01:05:12 [Producer-3] INFO  c.u.e.core.ticket.TicketPool - Ticket added to the pool. Current size: 1
2024-12-11 01:05:12 [Consumer-5] INFO  c.u.e.core.ticket.TicketPool - Ticket retrieved from the pool. Current size: 0
2024-12-11 01:05:12 [Producer-3] INFO  c.u.e.s.s.p.producer.TicketProducer - Vendor Zulauf Group | produced ticket: Ticket{id=247, name='As I Lay Dying', price=924}
2024-12-11 01:05:12 [Consumer-5] INFO  c.u.e.s.s.p.consumer.TicketConsumer - Customer Shani Waelchi | consumed ticket: As I Lay Dying
2024-12-11 01:05:12 [Producer-15] INFO  c.u.e.core.ticket.TicketPool - Ticket added to the pool. Current size: 1
2024-12-11 01:05:12 [Producer-15] INFO  c.u.e.s.s.p.producer.TicketProducer - Vendor Wintheiser, Dickinson and Watsica | produced ticket: Ticket{id=273, name='Vanity Fair', price=941}
2024-12-11 01:05:14 [Producer-6] INFO  c.u.e.core.ticket.TicketPool - Ticket added to the pool. Current size: 2
2024-12-11 01:05:14 [Producer-6] INFO  c.u.e.s.s.p.producer.TicketProducer - Vendor Kassulke-Doyle | produced ticket: Ticket{id=260, name='The Road Less Traveled', price=730}
2024-12-11 01:05:15 [Consumer-11] INFO  c.u.e.core.ticket.TicketPool - Ticket retrieved from the pool. Current size: 1
2024-12-11 01:05:15 [Consumer-11] INFO  c.u.e.s.s.p.consumer.TicketConsumer - Customer Corina Kreiger | consumed ticket: Vanity Fair
2024-12-11 01:05:20 [MessageBroker-4] INFO  o.s.w.s.c.WebSocketMessageBrokerStats - WebSocketSession[0 current WS(0)-HttpStream(0)-HttpPoll(0), 0 total, 0 closed abnormally (0 connect failure, 0 send limit, 0 transport error)], stompSubProtocol[processed CONNECT(0)-CONNECTED(0)-DISCONNECT(0)], stompBrokerRelay[null], inboundChannel[pool size = 0, active threads = 0, queued tasks = 0, completed tasks = 0], outboundChannel[pool size = 0, active threads = 0, queued tasks = 0, completed tasks = 0], sockJsScheduler[pool size = 4, active threads = 1, queued tasks = 1, completed tasks = 60]
2024-12-11 01:05:22 [Producer-13] INFO  c.u.e.core.ticket.TicketPool - Ticket added to the pool. Current size: 2
2024-12-11 01:05:22 [Producer-13] INFO  c.u.e.s.s.p.producer.TicketProducer - Vendor Quitzon, Maggio and Nicolas | produced ticket: Ticket{id=226, name='To Say Nothing of the Dog', price=772}
2024-12-11 01:05:24 [Producer-0] INFO  c.u.e.core.ticket.TicketPool - Ticket added to the pool. Current size: 3
2024-12-11 01:05:24 [Producer-0] INFO  c.u.e.s.s.p.producer.TicketProducer - Vendor Orn Group | produced ticket: Ticket{id=268, name='The Curious Incident of the Dog in the Night-Time', price=238}
2024-12-11 01:05:24 [Producer-8] INFO  c.u.e.core.ticket.TicketPool - Ticket added to the pool. Current size: 4
2024-12-11 01:05:24 [Producer-8] INFO  c.u.e.s.s.p.producer.TicketProducer - Vendor Sporer, Rau and Lehner | produced ticket: Ticket{id=254, name='I Sing the Body Electric', price=727}
2024-12-11 01:05:26 [ShellThread] INFO  c.u.e.s.s.p.ParticipantHandler - Stopping all producer consumer threads...
2024-12-11 01:05:26 [ShellThread] INFO  c.u.e.core.ticket.TicketPool - Ticket pool reset with new configuration.
2024-12-11 01:05:26 [ShellThread] INFO  c.u.e.s.s.p.ParticipantHandler - All producer consumer threads stopped.
2024-12-11 01:05:26 [TicketCountLimiter] ERROR c.u.e.s.limiter.TicketCountLimiter - TicketCountLimiter thread was interrupted sleep interrupted
2024-12-11 01:05:56 [ShellThread] INFO  c.u.e.core.config.ConfigManager - Saving user config to file...
2024-12-11 01:05:56 [ShellThread] INFO  c.u.e.util.io.ConfigIO - Config saved successfully
2024-12-11 01:05:56 [ShellThread] INFO  c.u.e.core.ticket.TicketPool - Ticket pool reset with new configuration.
2024-12-11 01:05:56 [ShellThread] INFO  c.u.e.s.s.p.ParticipantHandler - Starting 20 producer threads...
2024-12-11 01:05:56 [ShellThread] INFO  c.u.e.s.s.p.ParticipantHandler - Starting 15 consumer threads...
2024-12-11 01:05:56 [ShellThread] INFO  c.u.e.core.config.ConfigManager - User config successfully saved...
2024-12-11 01:05:57 [Consumer-12] INFO  c.u.e.core.ticket.TicketPool - Ticket pool is empty. Waiting to retrieve ticket.
2024-12-11 01:06:01 [ShellThread] INFO  c.u.e.s.s.p.ParticipantHandler - Stopping all producer consumer threads...
2024-12-11 01:06:01 [Consumer-12] ERROR c.u.e.core.ticket.TicketPool - Thread interrupted while retrieving a ticket: null
2024-12-11 01:06:01 [Consumer-12] WARN  c.u.e.s.s.p.consumer.TicketConsumer - No ticket retrieved for customer Nathan Bernhard due to interruption.
2024-12-11 01:06:01 [ShellThread] INFO  c.u.e.core.ticket.TicketPool - Ticket pool reset with new configuration.
2024-12-11 01:06:01 [ShellThread] INFO  c.u.e.s.s.p.ParticipantHandler - All producer consumer threads stopped.
2024-12-11 01:06:01 [TicketCountLimiter] ERROR c.u.e.s.limiter.TicketCountLimiter - TicketCountLimiter thread was interrupted sleep interrupted
2024-12-11 01:06:40 [SpringApplicationShutdownHook] INFO  o.s.m.s.b.SimpleBrokerMessageHandler - Stopping...
2024-12-11 01:06:40 [SpringApplicationShutdownHook] INFO  o.s.m.s.b.SimpleBrokerMessageHandler - BrokerAvailabilityEvent[available=false, SimpleBrokerMessageHandler [org.springframework.messaging.simp.broker.DefaultSubscriptionRegistry@32be264e]]
2024-12-11 01:06:40 [SpringApplicationShutdownHook] INFO  o.s.m.s.b.SimpleBrokerMessageHandler - Stopped.
2024-12-11 01:06:40 [SpringApplicationShutdownHook] INFO  o.s.o.j.LocalContainerEntityManagerFactoryBean - Closing JPA EntityManagerFactory for persistence unit 'default'
2024-12-11 01:06:40 [SpringApplicationShutdownHook] INFO  com.zaxxer.hikari.HikariDataSource - HikariPool-1 - Shutdown initiated...
2024-12-11 01:06:40 [SpringApplicationShutdownHook] INFO  com.zaxxer.hikari.HikariDataSource - HikariPool-1 - Shutdown completed.
2024-12-11 01:16:31 [main] INFO  c.u.e.EventTicketServiceApplication - Starting EventTicketServiceApplication using Java 21.0.2 with PID 606172 (/home/matheesha/Documents/Ticket-Management-Server/target/classes started by matheesha in /home/matheesha/Documents/Ticket-Management-Server)
2024-12-11 01:16:31 [main] INFO  c.u.e.EventTicketServiceApplication - No active profile set, falling back to 1 default profile: "default"
2024-12-11 01:16:32 [main] INFO  o.s.d.r.c.RepositoryConfigurationDelegate - Bootstrapping Spring Data JPA repositories in DEFAULT mode.
2024-12-11 01:16:32 [main] INFO  o.s.d.r.c.RepositoryConfigurationDelegate - Finished Spring Data repository scanning in 72 ms. Found 4 JPA repository interfaces.
2024-12-11 01:16:33 [main] INFO  o.s.b.w.e.tomcat.TomcatWebServer - Tomcat initialized with port 8080 (http)
2024-12-11 01:16:33 [main] INFO  o.a.coyote.http11.Http11NioProtocol - Initializing ProtocolHandler ["http-nio-8080"]
2024-12-11 01:16:33 [main] INFO  o.a.catalina.core.StandardService - Starting service [Tomcat]
2024-12-11 01:16:33 [main] INFO  o.a.catalina.core.StandardEngine - Starting Servlet engine: [Apache Tomcat/10.1.31]
2024-12-11 01:16:33 [main] INFO  o.a.c.c.C.[Tomcat].[localhost].[/] - Initializing Spring embedded WebApplicationContext
2024-12-11 01:16:33 [main] INFO  o.s.b.w.s.c.ServletWebServerApplicationContext - Root WebApplicationContext: initialization completed in 1974 ms
2024-12-11 01:16:33 [main] INFO  o.h.jpa.internal.util.LogHelper - HHH000204: Processing PersistenceUnitInfo [name: default]
2024-12-11 01:16:33 [main] INFO  org.hibernate.Version - HHH000412: Hibernate ORM core version 6.5.3.Final
2024-12-11 01:16:33 [main] INFO  o.h.c.i.RegionFactoryInitiator - HHH000026: Second-level cache disabled
2024-12-11 01:16:34 [main] INFO  o.s.o.j.p.SpringPersistenceUnitInfo - No LoadTimeWeaver setup: ignoring JPA class transformer
2024-12-11 01:16:34 [main] INFO  com.zaxxer.hikari.HikariDataSource - HikariPool-1 - Starting...
2024-12-11 01:16:34 [main] INFO  com.zaxxer.hikari.pool.HikariPool - HikariPool-1 - Added connection com.mysql.cj.jdbc.ConnectionImpl@40b8158d
2024-12-11 01:16:34 [main] INFO  com.zaxxer.hikari.HikariDataSource - HikariPool-1 - Start completed.
2024-12-11 01:16:34 [main] WARN  org.hibernate.orm.deprecation - HHH90000025: MySQLDialect does not need to be specified explicitly using 'hibernate.dialect' (remove the property setting and it will be selected by default)
2024-12-11 01:16:35 [main] INFO  o.h.e.t.j.p.i.JtaPlatformInitiator - HHH000489: No JTA platform available (set 'hibernate.transaction.jta.platform' to enable JTA platform integration)
2024-12-11 01:16:35 [main] INFO  o.s.o.j.LocalContainerEntityManagerFactoryBean - Initialized JPA EntityManagerFactory for persistence unit 'default'
2024-12-11 01:16:35 [main] INFO  c.u.e.core.config.ConfigManager - Loading user config from file...
2024-12-11 01:16:35 [main] INFO  c.u.e.util.io.ConfigIO - Config loaded successfully
2024-12-11 01:16:35 [main] INFO  o.s.d.j.r.query.QueryEnhancerFactory - Hibernate is in classpath; If applicable, HQL parser will be used.
2024-12-11 01:16:36 [main] WARN  o.s.b.a.o.j.JpaBaseConfiguration$JpaWebConfiguration - spring.jpa.open-in-view is enabled by default. Therefore, database queries may be performed during view rendering. Explicitly configure spring.jpa.open-in-view to disable this warning
2024-12-11 01:16:37 [main] INFO  o.s.b.a.e.web.EndpointLinksResolver - Exposing 1 endpoint beneath base path '/actuator'
2024-12-11 01:16:37 [main] INFO  o.a.coyote.http11.Http11NioProtocol - Starting ProtocolHandler ["http-nio-8080"]
2024-12-11 01:16:37 [main] INFO  o.s.b.w.e.tomcat.TomcatWebServer - Tomcat started on port 8080 (http) with context path '/'
2024-12-11 01:16:37 [main] INFO  o.s.m.s.b.SimpleBrokerMessageHandler - Starting...
2024-12-11 01:16:37 [main] INFO  o.s.m.s.b.SimpleBrokerMessageHandler - BrokerAvailabilityEvent[available=true, SimpleBrokerMessageHandler [org.springframework.messaging.simp.broker.DefaultSubscriptionRegistry@32ecad28]]
2024-12-11 01:16:37 [main] INFO  o.s.m.s.b.SimpleBrokerMessageHandler - Started.
2024-12-11 01:16:37 [main] INFO  c.u.e.EventTicketServiceApplication - Started EventTicketServiceApplication in 6.99 seconds (process running for 7.794)
2024-12-11 01:16:38 [RMI TCP Connection(3)-192.168.8.168] INFO  o.a.c.c.C.[Tomcat].[localhost].[/] - Initializing Spring DispatcherServlet 'dispatcherServlet'
2024-12-11 01:16:38 [RMI TCP Connection(3)-192.168.8.168] INFO  o.s.web.servlet.DispatcherServlet - Initializing Servlet 'dispatcherServlet'
2024-12-11 01:16:38 [RMI TCP Connection(3)-192.168.8.168] INFO  o.s.web.servlet.DispatcherServlet - Completed initialization in 3 ms
2024-12-11 01:17:06 [ShellThread] INFO  c.u.e.core.config.ConfigManager - Saving user config to file...
2024-12-11 01:17:06 [ShellThread] INFO  c.u.e.util.io.ConfigIO - Config saved successfully
2024-12-11 01:17:06 [ShellThread] INFO  c.u.e.core.ticket.TicketPool - Ticket pool reset with new configuration.
2024-12-11 01:17:06 [ShellThread] INFO  c.u.e.core.config.ConfigManager - User config successfully saved...
2024-12-11 01:17:15 [UserInputListenerThread] INFO  c.u.e.s.c.p.logs.ServerLogProcess - Stopping log reader and user input listener...
2024-12-11 01:17:27 [SpringApplicationShutdownHook] INFO  o.s.m.s.b.SimpleBrokerMessageHandler - Stopping...
2024-12-11 01:17:27 [SpringApplicationShutdownHook] INFO  o.s.m.s.b.SimpleBrokerMessageHandler - BrokerAvailabilityEvent[available=false, SimpleBrokerMessageHandler [org.springframework.messaging.simp.broker.DefaultSubscriptionRegistry@32ecad28]]
2024-12-11 01:17:27 [SpringApplicationShutdownHook] INFO  o.s.m.s.b.SimpleBrokerMessageHandler - Stopped.
2024-12-11 01:17:27 [SpringApplicationShutdownHook] INFO  o.s.o.j.LocalContainerEntityManagerFactoryBean - Closing JPA EntityManagerFactory for persistence unit 'default'
2024-12-11 01:17:27 [SpringApplicationShutdownHook] INFO  com.zaxxer.hikari.HikariDataSource - HikariPool-1 - Shutdown initiated...
2024-12-11 01:17:27 [SpringApplicationShutdownHook] INFO  com.zaxxer.hikari.HikariDataSource - HikariPool-1 - Shutdown completed.
2024-12-11 13:55:32 [main] INFO  c.u.e.EventTicketServiceApplication - Starting EventTicketServiceApplication using Java 21.0.2 with PID 6733 (/home/matheesha/Documents/Ticket-Management-Server/target/classes started by matheesha in /home/matheesha/Documents/Ticket-Management-Server)
2024-12-11 13:55:32 [main] INFO  c.u.e.EventTicketServiceApplication - No active profile set, falling back to 1 default profile: "default"
2024-12-11 13:55:34 [main] INFO  o.s.d.r.c.RepositoryConfigurationDelegate - Bootstrapping Spring Data JPA repositories in DEFAULT mode.
2024-12-11 13:55:34 [main] INFO  o.s.d.r.c.RepositoryConfigurationDelegate - Finished Spring Data repository scanning in 65 ms. Found 4 JPA repository interfaces.
2024-12-11 13:55:35 [main] INFO  o.s.b.w.e.tomcat.TomcatWebServer - Tomcat initialized with port 8080 (http)
2024-12-11 13:55:35 [main] INFO  o.a.coyote.http11.Http11NioProtocol - Initializing ProtocolHandler ["http-nio-8080"]
2024-12-11 13:55:35 [main] INFO  o.a.catalina.core.StandardService - Starting service [Tomcat]
2024-12-11 13:55:35 [main] INFO  o.a.catalina.core.StandardEngine - Starting Servlet engine: [Apache Tomcat/10.1.31]
2024-12-11 13:55:35 [main] INFO  o.a.c.c.C.[Tomcat].[localhost].[/] - Initializing Spring embedded WebApplicationContext
2024-12-11 13:55:35 [main] INFO  o.s.b.w.s.c.ServletWebServerApplicationContext - Root WebApplicationContext: initialization completed in 2106 ms
2024-12-11 13:55:35 [main] INFO  o.h.jpa.internal.util.LogHelper - HHH000204: Processing PersistenceUnitInfo [name: default]
2024-12-11 13:55:35 [main] INFO  org.hibernate.Version - HHH000412: Hibernate ORM core version 6.5.3.Final
2024-12-11 13:55:35 [main] INFO  o.h.c.i.RegionFactoryInitiator - HHH000026: Second-level cache disabled
2024-12-11 13:55:36 [main] INFO  o.s.o.j.p.SpringPersistenceUnitInfo - No LoadTimeWeaver setup: ignoring JPA class transformer
2024-12-11 13:55:36 [main] INFO  com.zaxxer.hikari.HikariDataSource - HikariPool-1 - Starting...
2024-12-11 13:55:36 [main] INFO  com.zaxxer.hikari.pool.HikariPool - HikariPool-1 - Added connection com.mysql.cj.jdbc.ConnectionImpl@1adfb5b8
2024-12-11 13:55:36 [main] INFO  com.zaxxer.hikari.HikariDataSource - HikariPool-1 - Start completed.
2024-12-11 13:55:36 [main] WARN  org.hibernate.orm.deprecation - HHH90000025: MySQLDialect does not need to be specified explicitly using 'hibernate.dialect' (remove the property setting and it will be selected by default)
2024-12-11 13:55:37 [main] INFO  o.h.e.t.j.p.i.JtaPlatformInitiator - HHH000489: No JTA platform available (set 'hibernate.transaction.jta.platform' to enable JTA platform integration)
2024-12-11 13:55:37 [main] INFO  o.s.o.j.LocalContainerEntityManagerFactoryBean - Initialized JPA EntityManagerFactory for persistence unit 'default'
2024-12-11 13:55:37 [main] INFO  c.u.e.core.config.ConfigManager - Loading user config from file...
2024-12-11 13:55:37 [main] INFO  c.u.e.util.io.ConfigIO - Config loaded successfully
2024-12-11 13:55:37 [main] INFO  o.s.d.j.r.query.QueryEnhancerFactory - Hibernate is in classpath; If applicable, HQL parser will be used.
2024-12-11 13:55:38 [main] WARN  o.s.b.a.o.j.JpaBaseConfiguration$JpaWebConfiguration - spring.jpa.open-in-view is enabled by default. Therefore, database queries may be performed during view rendering. Explicitly configure spring.jpa.open-in-view to disable this warning
2024-12-11 13:55:39 [main] INFO  o.s.b.a.e.web.EndpointLinksResolver - Exposing 1 endpoint beneath base path '/actuator'
2024-12-11 13:55:39 [main] INFO  o.a.coyote.http11.Http11NioProtocol - Starting ProtocolHandler ["http-nio-8080"]
2024-12-11 13:55:39 [main] INFO  o.s.b.w.e.tomcat.TomcatWebServer - Tomcat started on port 8080 (http) with context path '/'
2024-12-11 13:55:39 [main] INFO  o.s.m.s.b.SimpleBrokerMessageHandler - Starting...
2024-12-11 13:55:39 [main] INFO  o.s.m.s.b.SimpleBrokerMessageHandler - BrokerAvailabilityEvent[available=true, SimpleBrokerMessageHandler [org.springframework.messaging.simp.broker.DefaultSubscriptionRegistry@758d901e]]
2024-12-11 13:55:39 [main] INFO  o.s.m.s.b.SimpleBrokerMessageHandler - Started.
2024-12-11 13:55:39 [main] INFO  c.u.e.EventTicketServiceApplication - Started EventTicketServiceApplication in 7.64 seconds (process running for 8.708)
2024-12-11 13:55:40 [RMI TCP Connection(1)-192.168.8.168] INFO  o.a.c.c.C.[Tomcat].[localhost].[/] - Initializing Spring DispatcherServlet 'dispatcherServlet'
2024-12-11 13:55:40 [RMI TCP Connection(1)-192.168.8.168] INFO  o.s.web.servlet.DispatcherServlet - Initializing Servlet 'dispatcherServlet'
2024-12-11 13:55:40 [RMI TCP Connection(1)-192.168.8.168] INFO  o.s.web.servlet.DispatcherServlet - Completed initialization in 3 ms
2024-12-11 13:55:44 [SpringApplicationShutdownHook] INFO  o.s.m.s.b.SimpleBrokerMessageHandler - Stopping...
2024-12-11 13:55:44 [SpringApplicationShutdownHook] INFO  o.s.m.s.b.SimpleBrokerMessageHandler - BrokerAvailabilityEvent[available=false, SimpleBrokerMessageHandler [org.springframework.messaging.simp.broker.DefaultSubscriptionRegistry@758d901e]]
2024-12-11 13:55:44 [SpringApplicationShutdownHook] INFO  o.s.m.s.b.SimpleBrokerMessageHandler - Stopped.
2024-12-11 13:55:44 [SpringApplicationShutdownHook] INFO  o.s.o.j.LocalContainerEntityManagerFactoryBean - Closing JPA EntityManagerFactory for persistence unit 'default'
2024-12-11 13:55:44 [SpringApplicationShutdownHook] INFO  com.zaxxer.hikari.HikariDataSource - HikariPool-1 - Shutdown initiated...
2024-12-11 13:55:45 [SpringApplicationShutdownHook] INFO  com.zaxxer.hikari.HikariDataSource - HikariPool-1 - Shutdown completed.
2024-12-11 13:58:59 [main] INFO  c.u.e.EventTicketServiceApplication - Starting EventTicketServiceApplication using Java 21.0.2 with PID 7464 (/home/matheesha/Documents/Ticket-Management-Server/target/classes started by matheesha in /home/matheesha/Documents/Ticket-Management-Server)
2024-12-11 13:58:59 [main] INFO  c.u.e.EventTicketServiceApplication - No active profile set, falling back to 1 default profile: "default"
2024-12-11 13:59:00 [main] INFO  o.s.d.r.c.RepositoryConfigurationDelegate - Bootstrapping Spring Data JPA repositories in DEFAULT mode.
2024-12-11 13:59:00 [main] INFO  o.s.d.r.c.RepositoryConfigurationDelegate - Finished Spring Data repository scanning in 58 ms. Found 4 JPA repository interfaces.
2024-12-11 13:59:01 [main] INFO  o.s.b.w.e.tomcat.TomcatWebServer - Tomcat initialized with port 8080 (http)
2024-12-11 13:59:01 [main] INFO  o.a.coyote.http11.Http11NioProtocol - Initializing ProtocolHandler ["http-nio-8080"]
2024-12-11 13:59:01 [main] INFO  o.a.catalina.core.StandardService - Starting service [Tomcat]
2024-12-11 13:59:01 [main] INFO  o.a.catalina.core.StandardEngine - Starting Servlet engine: [Apache Tomcat/10.1.31]
2024-12-11 13:59:01 [main] INFO  o.a.c.c.C.[Tomcat].[localhost].[/] - Initializing Spring embedded WebApplicationContext
2024-12-11 13:59:01 [main] INFO  o.s.b.w.s.c.ServletWebServerApplicationContext - Root WebApplicationContext: initialization completed in 1895 ms
2024-12-11 13:59:01 [main] INFO  o.h.jpa.internal.util.LogHelper - HHH000204: Processing PersistenceUnitInfo [name: default]
2024-12-11 13:59:01 [main] INFO  org.hibernate.Version - HHH000412: Hibernate ORM core version 6.5.3.Final
2024-12-11 13:59:01 [main] INFO  o.h.c.i.RegionFactoryInitiator - HHH000026: Second-level cache disabled
2024-12-11 13:59:01 [main] INFO  o.s.o.j.p.SpringPersistenceUnitInfo - No LoadTimeWeaver setup: ignoring JPA class transformer
2024-12-11 13:59:01 [main] INFO  com.zaxxer.hikari.HikariDataSource - HikariPool-1 - Starting...
2024-12-11 13:59:02 [main] INFO  com.zaxxer.hikari.pool.HikariPool - HikariPool-1 - Added connection com.mysql.cj.jdbc.ConnectionImpl@2c731a16
2024-12-11 13:59:02 [main] INFO  com.zaxxer.hikari.HikariDataSource - HikariPool-1 - Start completed.
2024-12-11 13:59:02 [main] WARN  org.hibernate.orm.deprecation - HHH90000025: MySQLDialect does not need to be specified explicitly using 'hibernate.dialect' (remove the property setting and it will be selected by default)
2024-12-11 13:59:03 [main] INFO  o.h.e.t.j.p.i.JtaPlatformInitiator - HHH000489: No JTA platform available (set 'hibernate.transaction.jta.platform' to enable JTA platform integration)
2024-12-11 13:59:03 [main] INFO  o.s.o.j.LocalContainerEntityManagerFactoryBean - Initialized JPA EntityManagerFactory for persistence unit 'default'
2024-12-11 13:59:03 [main] INFO  c.u.e.core.config.ConfigManager - Loading user config from file...
2024-12-11 13:59:03 [main] INFO  c.u.e.util.io.ConfigIO - Config loaded successfully
2024-12-11 13:59:03 [main] INFO  o.s.d.j.r.query.QueryEnhancerFactory - Hibernate is in classpath; If applicable, HQL parser will be used.
2024-12-11 13:59:04 [main] WARN  o.s.b.a.o.j.JpaBaseConfiguration$JpaWebConfiguration - spring.jpa.open-in-view is enabled by default. Therefore, database queries may be performed during view rendering. Explicitly configure spring.jpa.open-in-view to disable this warning
2024-12-11 13:59:05 [main] INFO  o.s.b.a.e.web.EndpointLinksResolver - Exposing 1 endpoint beneath base path '/actuator'
2024-12-11 13:59:05 [main] INFO  o.a.coyote.http11.Http11NioProtocol - Starting ProtocolHandler ["http-nio-8080"]
2024-12-11 13:59:05 [main] INFO  o.s.b.w.e.tomcat.TomcatWebServer - Tomcat started on port 8080 (http) with context path '/'
2024-12-11 13:59:05 [main] INFO  o.s.m.s.b.SimpleBrokerMessageHandler - Starting...
2024-12-11 13:59:05 [main] INFO  o.s.m.s.b.SimpleBrokerMessageHandler - BrokerAvailabilityEvent[available=true, SimpleBrokerMessageHandler [org.springframework.messaging.simp.broker.DefaultSubscriptionRegistry@75e355e]]
2024-12-11 13:59:05 [main] INFO  o.s.m.s.b.SimpleBrokerMessageHandler - Started.
2024-12-11 13:59:05 [main] INFO  c.u.e.EventTicketServiceApplication - Started EventTicketServiceApplication in 6.922 seconds (process running for 7.942)
2024-12-11 13:59:06 [RMI TCP Connection(1)-192.168.8.168] INFO  o.a.c.c.C.[Tomcat].[localhost].[/] - Initializing Spring DispatcherServlet 'dispatcherServlet'
2024-12-11 13:59:06 [RMI TCP Connection(1)-192.168.8.168] INFO  o.s.web.servlet.DispatcherServlet - Initializing Servlet 'dispatcherServlet'
2024-12-11 13:59:06 [RMI TCP Connection(1)-192.168.8.168] INFO  o.s.web.servlet.DispatcherServlet - Completed initialization in 3 ms
2024-12-11 13:59:28 [ShellThread] INFO  c.u.e.s.s.p.ParticipantHandler - Starting 20 producer threads...
2024-12-11 13:59:28 [ShellThread] INFO  c.u.e.s.s.p.ParticipantHandler - Starting 15 consumer threads...
2024-12-11 13:59:29 [Producer-0] INFO  c.u.e.core.ticket.TicketPool - Ticket added to the pool. Current size: 1
2024-12-11 13:59:29 [Producer-13] INFO  c.u.e.core.ticket.TicketPool - Ticket added to the pool. Current size: 2
2024-12-11 13:59:29 [Producer-0] INFO  c.u.e.s.s.p.producer.TicketProducer - Vendor Klein, Bogisich and Abernathy | produced ticket: Ticket{id=424, name='That Hideous Strength', price=373}
2024-12-11 13:59:29 [Producer-13] INFO  c.u.e.s.s.p.producer.TicketProducer - Vendor Lowe, Osinski and Graham | produced ticket: Ticket{id=1, name='East of Eden', price=773}
2024-12-11 13:59:31 [Consumer-6] INFO  c.u.e.core.ticket.TicketPool - Ticket retrieved from the pool. Current size: 1
2024-12-11 13:59:31 [Consumer-10] INFO  c.u.e.core.ticket.TicketPool - Ticket retrieved from the pool. Current size: 0
2024-12-11 13:59:31 [Consumer-10] INFO  c.u.e.s.s.p.consumer.TicketConsumer - Customer Fermin Bradtke | consumed ticket: East of Eden
2024-12-11 13:59:31 [Consumer-6] INFO  c.u.e.s.s.p.consumer.TicketConsumer - Customer Jacque Jakubowski | consumed ticket: That Hideous Strength
2024-12-11 13:59:32 [Producer-9] INFO  c.u.e.core.ticket.TicketPool - Ticket added to the pool. Current size: 1
2024-12-11 13:59:32 [Producer-9] INFO  c.u.e.s.s.p.producer.TicketProducer - Vendor Effertz Inc | produced ticket: Ticket{id=2, name='Pale Kings and Princes', price=514}
2024-12-11 13:59:32 [Consumer-9] INFO  c.u.e.core.ticket.TicketPool - Ticket retrieved from the pool. Current size: 0
2024-12-11 13:59:32 [Consumer-12] INFO  c.u.e.core.ticket.TicketPool - Ticket pool is empty. Waiting to retrieve ticket.
2024-12-11 13:59:32 [Consumer-9] INFO  c.u.e.s.s.p.consumer.TicketConsumer - Customer Dani Veum II | consumed ticket: Pale Kings and Princes
2024-12-11 13:59:35 [Producer-4] INFO  c.u.e.core.ticket.TicketPool - Ticket added to the pool. Current size: 1
2024-12-11 13:59:35 [Producer-8] INFO  c.u.e.core.ticket.TicketPool - Ticket added to the pool. Current size: 2
2024-12-11 13:59:35 [Producer-4] INFO  c.u.e.s.s.p.producer.TicketProducer - Vendor Gutmann, VonRueden and Walker | produced ticket: Ticket{id=403, name='A Monstrous Regiment of Women', price=643}
2024-12-11 13:59:35 [Consumer-12] INFO  c.u.e.core.ticket.TicketPool - Ticket retrieved from the pool. Current size: 1
2024-12-11 13:59:35 [Producer-8] INFO  c.u.e.s.s.p.producer.TicketProducer - Vendor Gutmann, VonRueden and Walker | produced ticket: Ticket{id=403, name='A Monstrous Regiment of Women', price=643}
2024-12-11 13:59:35 [Consumer-4] INFO  c.u.e.core.ticket.TicketPool - Ticket retrieved from the pool. Current size: 0
2024-12-11 13:59:35 [Consumer-12] INFO  c.u.e.s.s.p.consumer.TicketConsumer - Customer Mrs. Kassie Swift | consumed ticket: A Monstrous Regiment of Women
2024-12-11 13:59:35 [Consumer-7] INFO  c.u.e.core.ticket.TicketPool - Ticket pool is empty. Waiting to retrieve ticket.
2024-12-11 13:59:35 [Consumer-4] INFO  c.u.e.s.s.p.consumer.TicketConsumer - Customer Spencer Robel I | consumed ticket: A Monstrous Regiment of Women
2024-12-11 13:59:37 [Producer-10] INFO  c.u.e.core.ticket.TicketPool - Ticket added to the pool. Current size: 1
2024-12-11 13:59:37 [Consumer-7] INFO  c.u.e.core.ticket.TicketPool - Ticket retrieved from the pool. Current size: 0
2024-12-11 13:59:37 [Producer-10] INFO  c.u.e.s.s.p.producer.TicketProducer - Vendor Klein, Bogisich and Abernathy | produced ticket: Ticket{id=426, name='Down to a Sunless Sea', price=986}
2024-12-11 13:59:37 [Producer-18] INFO  c.u.e.core.ticket.TicketPool - Ticket added to the pool. Current size: 1
2024-12-11 13:59:37 [Consumer-13] INFO  c.u.e.core.ticket.TicketPool - Ticket retrieved from the pool. Current size: 0
2024-12-11 13:59:37 [Consumer-7] INFO  c.u.e.s.s.p.consumer.TicketConsumer - Customer Manuel Cremin | consumed ticket: Down to a Sunless Sea
2024-12-11 13:59:37 [Producer-18] INFO  c.u.e.s.s.p.producer.TicketProducer - Vendor Ebert-Effertz | produced ticket: Ticket{id=434, name='Ah, Wilderness!', price=438}
2024-12-11 13:59:37 [Consumer-13] INFO  c.u.e.s.s.p.consumer.TicketConsumer - Customer Rick Mohr | consumed ticket: Ah, Wilderness!
2024-12-11 13:59:43 [ShellThread] INFO  c.u.e.s.s.p.ParticipantHandler - Stopping all producer consumer threads...
2024-12-11 13:59:43 [ShellThread] INFO  c.u.e.core.ticket.TicketPool - Ticket pool reset with new configuration.
2024-12-11 13:59:43 [ShellThread] INFO  c.u.e.s.s.p.ParticipantHandler - All producer consumer threads stopped.
2024-12-11 13:59:43 [TicketCountLimiter] ERROR c.u.e.s.limiter.TicketCountLimiter - TicketCountLimiter thread was interrupted sleep interrupted
2024-12-11 13:59:52 [SpringApplicationShutdownHook] INFO  o.s.m.s.b.SimpleBrokerMessageHandler - Stopping...
2024-12-11 13:59:52 [SpringApplicationShutdownHook] INFO  o.s.m.s.b.SimpleBrokerMessageHandler - BrokerAvailabilityEvent[available=false, SimpleBrokerMessageHandler [org.springframework.messaging.simp.broker.DefaultSubscriptionRegistry@75e355e]]
2024-12-11 13:59:52 [SpringApplicationShutdownHook] INFO  o.s.m.s.b.SimpleBrokerMessageHandler - Stopped.
2024-12-11 13:59:52 [SpringApplicationShutdownHook] INFO  o.s.o.j.LocalContainerEntityManagerFactoryBean - Closing JPA EntityManagerFactory for persistence unit 'default'
2024-12-11 13:59:52 [SpringApplicationShutdownHook] INFO  com.zaxxer.hikari.HikariDataSource - HikariPool-1 - Shutdown initiated...
2024-12-11 13:59:52 [SpringApplicationShutdownHook] INFO  com.zaxxer.hikari.HikariDataSource - HikariPool-1 - Shutdown completed.
